<?xml version="1.0" encoding="UTF-8"?>
<!-- Generated by org.testng.reporters.JUnitXMLReporter -->
<testsuite ignored="7" hostname="DESKTOP-P4N61A7" failures="0" tests="1" name="Test1(failed)" time="25.129" errors="0" timestamp="2022-06-02T12:40:49 IST">
  <testcase classname="testClasses.NewClassAmazon" name="VarifyCustomerservicetab" time="5.545"/>
  <testcase classname="testClasses.NewClassAmazon" name="screenshot" time="0.0">
    <ignored/>
  </testcase> <!-- screenshot -->
  <testcase classname="testClasses.NewClassAmazon" name="mouseaction" time="0.0">
    <ignored/>
  </testcase> <!-- mouseaction -->
  <testcase classname="testClasses.NewClassAmazon" name="varifymobile" time="0.0">
    <ignored/>
  </testcase> <!-- varifymobile -->
  <testcase classname="testClasses.NewClassAmazon" name="varifysellertab" time="0.0">
    <ignored/>
  </testcase> <!-- varifysellertab -->
  <testcase classname="testClasses.NewClassAmazon" name="varifytodaysdealtab" time="0.0">
    <ignored/>
  </testcase> <!-- varifytodaysdealtab -->
  <testcase classname="testClasses.NewClassAmazon" name="clickall" time="0.0">
    <ignored/>
  </testcase> <!-- clickall -->
  <testcase classname="testClasses.NewClassAmazon" name="varifyfashiontab" time="0.0">
    <ignored/>
  </testcase> <!-- varifyfashiontab -->
</testsuite> <!-- Test1(failed) -->
