<?xml version="1.0" encoding="UTF-8"?>
<!-- Generated by org.testng.reporters.JUnitXMLReporter -->
<testsuite ignored="7" hostname="DESKTOP-P4N61A7" failures="1" tests="1" name="Default test(failed)" time="18.256" errors="0" timestamp="2022-06-01T22:50:54 IST">
  <testcase classname="testClasses.NewClassAmazon" name="VarifyCustomerservicetab" time="4.686">
    <failure type="java.lang.AssertionError" message="expected [Help - Amazon Customer Service] but found [Help - Amazon Customer Service ]">
      <![CDATA[java.lang.AssertionError: expected [Help - Amazon Customer Service] but found [Help - Amazon Customer Service ]
at testClasses.NewClassAmazon.VarifyCustomerservicetab(NewClassAmazon.java:57)
at java.base/java.util.ArrayList.forEach(ArrayList.java:1511)
... Removed 33 stack frames]]>
    </failure>
  </testcase> <!-- VarifyCustomerservicetab -->
  <testcase classname="testClasses.NewClassAmazon" name="screenshot" time="0.0">
    <ignored/>
  </testcase> <!-- screenshot -->
  <testcase classname="testClasses.NewClassAmazon" name="mouseaction" time="0.0">
    <ignored/>
  </testcase> <!-- mouseaction -->
  <testcase classname="testClasses.NewClassAmazon" name="varifymobile" time="0.0">
    <ignored/>
  </testcase> <!-- varifymobile -->
  <testcase classname="testClasses.NewClassAmazon" name="varifysellertab" time="0.0">
    <ignored/>
  </testcase> <!-- varifysellertab -->
  <testcase classname="testClasses.NewClassAmazon" name="varifytodaysdealtab" time="0.0">
    <ignored/>
  </testcase> <!-- varifytodaysdealtab -->
  <testcase classname="testClasses.NewClassAmazon" name="clickall" time="0.0">
    <ignored/>
  </testcase> <!-- clickall -->
  <testcase classname="testClasses.NewClassAmazon" name="varifyfashiontab" time="0.0">
    <ignored/>
  </testcase> <!-- varifyfashiontab -->
</testsuite> <!-- Default test(failed) -->
